INIT_START Runtime Version: python:3.9.v28	Runtime Version ARN: arn:aws:lambda:us-east-1::runtime:f4836a715e9c05bcad04e1cc2f311813789bc9d8d1f53ea5aa6b01855bd983f5
START RequestId: 41563891-85fd-4678-8529-9e691b11229d Version: $LATEST
processing method GET and path /network
[INFO]	2023-08-29T03:01:44.541Z	41563891-85fd-4678-8529-9e691b11229d	processing method GET and path /network
supported
[INFO]	2023-08-29T03:01:44.541Z	41563891-85fd-4678-8529-9e691b11229d	supported
[codecarbon INFO @ 03:01:44] [setup] RAM Tracking...
[codecarbon INFO @ 03:01:44] [setup] GPU Tracking...
[codecarbon INFO @ 03:01:44] No GPU found.
[codecarbon INFO @ 03:01:44] [setup] CPU Tracking...
[codecarbon DEBUG @ 03:01:44] Not using PowerGadget, an exception occurred while instantiating IntelPowerGadget : Platform not supported by Intel Power Gadget
[codecarbon DEBUG @ 03:01:44] Not using the RAPL interface, an exception occurred while instantiating IntelRAPL : Intel RAPL files not found at /sys/class/powercap/intel-rapl on linux
[codecarbon WARNING @ 03:01:44] No CPU tracking mode found. Falling back on CPU constant mode.
[codecarbon WARNING @ 03:01:53] We saw that you have a Intel(R) Xeon(R) Processor @ 2.50GHz but we don't know it. Please contact us.
[codecarbon INFO @ 03:01:54] CPU Model on constant consumption mode: Intel(R) Xeon(R) Processor @ 2.50GHz
[codecarbon INFO @ 03:01:54] >>> Tracker's metadata:
[codecarbon INFO @ 03:01:54]   Platform system: Linux-4.14.255-318-256.530.amzn2.x86_64-x86_64-with-glibc2.26
[codecarbon INFO @ 03:01:54]   Python version: 3.9.17
[codecarbon INFO @ 03:01:54]   CodeCarbon version: 2.2.3
[codecarbon INFO @ 03:01:54]   Available RAM : 0.183 GB
[codecarbon INFO @ 03:01:54]   CPU count: 2
[codecarbon INFO @ 03:01:54]   CPU model: Intel(R) Xeon(R) Processor @ 2.50GHz
[codecarbon INFO @ 03:01:54]   GPU count: None
[codecarbon INFO @ 03:01:54]   GPU model: None
[codecarbon DEBUG @ 03:01:55] Not running on AWS
[codecarbon DEBUG @ 03:01:56] Not running on Azure
[codecarbon DEBUG @ 03:01:57] Not running on GCP
[codecarbon INFO @ 03:01:57] ApiClient Successfully registered your run on the API.
Run ID: 0a6cad93-906c-4196-990d-59b360183f8c
Experiment ID: ab78c3aa-1899-4814-9cad-d96dc2443123
[codecarbon INFO @ 03:02:01] 
Graceful stopping: collecting and writing information.
Please wait a few seconds...
[codecarbon INFO @ 03:02:01] Energy consumed for RAM : 0.000000 kWh. RAM Power : 0.06868028640747072 W
[codecarbon DEBUG @ 03:02:01] RAM : 0.07 W during 3.24 s [measurement time: 0.0006]
[codecarbon INFO @ 03:02:01] Energy consumed for all CPUs : 0.000038 kWh. Total CPU Power : 42.5 W
[codecarbon DEBUG @ 03:02:01] CPU : 42.50 W during 3.24 s [measurement time: 0.0001]
[codecarbon INFO @ 03:02:01] 0.000038 kWh of electricity used since the beginning.
[codecarbon DEBUG @ 03:02:01] last_duration=3.2372162342071533
------------------------
[codecarbon DEBUG @ 03:02:01] EmissionsData(timestamp='2023-08-29T03:02:01', project_name='codecarbon', run_id='0a6cad93-906c-4196-990d-59b360183f8c', duration=3.2374143600463867, emissions=1.413005101226476e-05, emissions_rate=4.364609975987844e-06, cpu_power=42.5, gpu_power=0.0, ram_power=0.06868028640747072, cpu_energy=3.82171360982789e-05, gpu_energy=0, ram_energy=6.174514005190683e-08, energy_consumed=3.8278881238330804e-05, country_name='United States', country_iso_code='USA', region='virginia', cloud_provider='', cloud_region='', os='Linux-4.14.255-318-256.530.amzn2.x86_64-x86_64-with-glibc2.26', python_version='3.9.17', codecarbon_version='2.2.3', cpu_count=2, cpu_model='Intel(R) Xeon(R) Processor @ 2.50GHz', gpu_count=None, gpu_model=None, longitude=-77.4903, latitude=39.0469, ram_total_size=0.18314743041992188, tracking_mode='machine', on_cloud='N', pue=1.0)
{
    "timestamp": "2023-08-29T03:02:01",
    "project_name": "codecarbon",
    "run_id": "0a6cad93-906c-4196-990d-59b360183f8c",
    "duration": 3.2374143600463867,
    "emissions": 0.00001413005101226476,
    "emissions_rate": 0.000004364609975987844,
    "cpu_power": 42.5,
    "gpu_power": 0,
    "ram_power": 0.06868028640747072,
    "cpu_energy": 0.0000382171360982789,
    "gpu_energy": 0,
    "ram_energy": 6.174514005190683e-8,
    "energy_consumed": 0.000038278881238330804,
    "country_name": "United States",
    "country_iso_code": "USA",
    "region": "virginia",
    "cloud_provider": "",
    "cloud_region": "",
    "os": "Linux-4.14.255-318-256.530.amzn2.x86_64-x86_64-with-glibc2.26",
    "python_version": "3.9.17",
    "codecarbon_version": "2.2.3",
    "cpu_count": 2,
    "cpu_model": "Intel(R) Xeon(R) Processor @ 2.50GHz",
    "gpu_count": null,
    "gpu_model": null,
    "longitude": -77.4903,
    "latitude": 39.0469,
    "ram_total_size": 0.18314743041992188,
    "tracking_mode": "machine",
    "on_cloud": "N",
    "pue": 1
}

[INFO]	2023-08-29T03:02:01.033Z	41563891-85fd-4678-8529-9e691b11229d	
{
    "timestamp": "2023-08-29T03:02:01",
    "project_name": "codecarbon",
    "run_id": "0a6cad93-906c-4196-990d-59b360183f8c",
    "duration": 3.2374143600463867,
    "emissions": 0.00001413005101226476,
    "emissions_rate": 0.000004364609975987844,
    "cpu_power": 42.5,
    "gpu_power": 0,
    "ram_power": 0.06868028640747072,
    "cpu_energy": 0.0000382171360982789,
    "gpu_energy": 0,
    "ram_energy": 6.174514005190683e-8,
    "energy_consumed": 0.000038278881238330804,
    "country_name": "United States",
    "country_iso_code": "USA",
    "region": "virginia",
    "cloud_provider": "",
    "cloud_region": "",
    "os": "Linux-4.14.255-318-256.530.amzn2.x86_64-x86_64-with-glibc2.26",
    "python_version": "3.9.17",
    "codecarbon_version": "2.2.3",
    "cpu_count": 2,
    "cpu_model": "Intel(R) Xeon(R) Processor @ 2.50GHz",
    "gpu_count": null,
    "gpu_model": null,
    "longitude": -77.4903,
    "latitude": 39.0469,
    "ram_total_size": 0.18314743041992188,
    "tracking_mode": "machine",
    "on_cloud": "N",
    "pue": 1
}

[codecarbon DEBUG @ 03:02:01] EmissionsData(timestamp='2023-08-29T03:02:01', project_name='codecarbon', run_id='0a6cad93-906c-4196-990d-59b360183f8c', duration=3.2382311820983887, emissions=1.413005101226476e-05, emissions_rate=4.363509032455312e-06, cpu_power=42.5, gpu_power=0.0, ram_power=0.06868028640747072, cpu_energy=3.82171360982789e-05, gpu_energy=0, ram_energy=6.174514005190683e-08, energy_consumed=3.8278881238330804e-05, country_name='United States', country_iso_code='USA', region='virginia', cloud_provider='', cloud_region='', os='Linux-4.14.255-318-256.530.amzn2.x86_64-x86_64-with-glibc2.26', python_version='3.9.17', codecarbon_version='2.2.3', cpu_count=2, cpu_model='Intel(R) Xeon(R) Processor @ 2.50GHz', gpu_count=None, gpu_model=None, longitude=-77.4903, latitude=39.0469, ram_total_size=0.18314743041992188, tracking_mode='machine', on_cloud='N', pue=1.0)
[codecarbon DEBUG @ 03:02:01] ApiClient - Successful upload emission {'timestamp': '2023-08-29T03:02:01.033681+00:00', 'run_id': '0a6cad93-906c-4196-990d-59b360183f8c', 'duration': 3, 'emissions_sum': 1.413005101226476e-05, 'emissions_rate': 4.363509032455312e-06, 'cpu_power': 42.5, 'gpu_power': 0.0, 'ram_power': 0.06868028640747072, 'cpu_energy': 3.82171360982789e-05, 'gpu_energy': 0, 'ram_energy': 6.174514005190683e-08, 'energy_consumed': 3.8278881238330804e-05} to https://api.codecarbon.io/emission
[codecarbon INFO @ 03:02:01] Done!
END RequestId: 41563891-85fd-4678-8529-9e691b11229d
REPORT RequestId: 41563891-85fd-4678-8529-9e691b11229d	Duration: 16971.32 ms	Billed Duration: 16972 ms	Memory Size: 128 MB	Max Memory Used: 123 MB	Init Duration: 2475.00 ms